<?xml version="1.0" encoding="UTF-8"?>
<testsuite xmlns:xsi="http://www.w3.org/2001/XMLSchema-instance" xsi:noNamespaceSchemaLocation="https://maven.apache.org/surefire/maven-surefire-plugin/xsd/surefire-test-report-3.0.xsd" version="3.0" name="pl.polsl.lab1.kacper.sikorski.myfirstmvp.model.EnemySpawnerTest" time="0.03" tests="6" errors="0" skipped="0" failures="0">
  <properties>
[...]
</properties>
  <testcase name="testSpawnEnemyWithEmptyEnemyList" classname="pl.polsl.lab1.kacper.sikorski.myfirstmvp.model.EnemySpawnerTest" time="0.003"/>
  <testcase name="testAddEnemyType(String, int, int)[1]" classname="pl.polsl.lab1.kacper.sikorski.myfirstmvp.model.EnemySpawnerTest" time="0.002"/>
  <testcase name="testAddEnemyType(String, int, int)[2]" classname="pl.polsl.lab1.kacper.sikorski.myfirstmvp.model.EnemySpawnerTest" time="0.001"/>
  <testcase name="testAddInvalidEnemyType(String, int, int)[1]" classname="pl.polsl.lab1.kacper.sikorski.myfirstmvp.model.EnemySpawnerTest" time="0.004"/>
  <testcase name="testSpawnRandomEnemyWithNewEnemyType(String, int, int)[1]" classname="pl.polsl.lab1.kacper.sikorski.myfirstmvp.model.EnemySpawnerTest" time="0.002"/>
  <testcase name="testSpawnRandomEnemy" classname="pl.polsl.lab1.kacper.sikorski.myfirstmvp.model.EnemySpawnerTest" time="0.002"/>
</testsuite>